<?xml version="1.0" encoding="UTF-8"?>
<!-- Generated by org.testng.reporters.JUnitReportReporter -->
<testsuite hostname="selenium33" failures="0" tests="2" name="testScripts.PlaceOrderTest" time="0.957" errors="0" timestamp="2024-12-18T13:27:11 IST" skipped="0">
  <testcase classname="testScripts.PlaceOrderTest" name="loginTest" time="0.569"/>
  <system-out/>
  <testcase classname="testScripts.PlaceOrderTest" name="addItemTest" time="0.388"/>
  <system-out/>
</testsuite> <!-- testScripts.PlaceOrderTest -->
